#
# A fatal error has been detected by the Java Runtime Environment:
#
#  EXCEPTION_ACCESS_VIOLATION (0xc0000005) at pc=0x5a63a275, pid=5200, tid=3324
#
# JRE version: Java(TM) SE Runtime Environment (7.0_45-b18) (build 1.7.0_45-b18)
# Java VM: Java HotSpot(TM) Client VM (24.45-b08 mixed mode, sharing windows-x86 )
# Problematic frame:
# C  [nvoglv32.DLL+0x84a275]
#
# Failed to write core dump. Minidumps are not enabled by default on client versions of Windows
#
# If you would like to submit a bug report, please visit:
#   http://bugreport.sun.com/bugreport/crash.jsp
# The crash happened outside the Java Virtual Machine in native code.
# See problematic frame for where to report the bug.
#

---------------  T H R E A D  ---------------

Current thread (0x0087c800):  JavaThread "main" [_thread_in_native, id=3324, stack(0x00ef0000,0x00f40000)]

siginfo: ExceptionCode=0xc0000005, reading address 0x00000000

Registers:
EAX=0x00000006, EBX=0x00000000, ECX=0x05581d30, EDX=0xfaa7e2d0
ESP=0x00f3ee80, EBP=0x00f3ee88, ESI=0x05830c80, EDI=0x00000000
EIP=0x5a63a275, EFLAGS=0x00010283

Top of Stack: (sp=0x00f3ee80)
0x00f3ee80:   05581d30 00f3eed4 00f3eeb0 5a63a181
0x00f3ee90:   00f3f07c 05830c80 00000000 05581d30
0x00f3eea0:   00000000 05830040 00000010 00000001
0x00f3eeb0:   00f3f1ac 5a6393f3 00000002 05830ad8
0x00f3eec0:   00000000 05581d30 0087c800 05830040
0x00f3eed0:   3442cf40 00000003 00000001 00000000
0x00f3eee0:   00000000 00000000 00000002 00000000
0x00f3eef0:   00000000 00000000 00000000 00000000 

Instructions: (pc=0x5a63a275)
0x5a63a255:   00 00 77 69 74 75 2d 0b 14 00 00 83 f8 04 77 6f
0x5a63a265:   ff 24 85 f4 a2 63 5a 33 ff 39 7e 04 7e 61 2b d1
0x5a63a275:   8b 04 11 89 01 47 8d 49 04 3b 7e 04 7c f2 5f 5e
0x5a63a285:   5d c3 33 ff 39 7e 04 7e 46 2b d1 66 8b 04 11 66 


Register to memory mapping:

EAX=0x00000006 is an unknown value
EBX=0x00000000 is an unknown value
ECX=0x05581d30 is an unknown value
EDX=0xfaa7e2d0 is an unknown value
ESP=0x00f3ee80 is pointing into the stack for thread: 0x0087c800
EBP=0x00f3ee88 is pointing into the stack for thread: 0x0087c800
ESI=0x05830c80 is an unknown value
EDI=0x00000000 is an unknown value


Stack: [0x00ef0000,0x00f40000],  sp=0x00f3ee80,  free space=315k
Native frames: (J=compiled Java code, j=interpreted, Vv=VM code, C=native code)
C  [nvoglv32.DLL+0x84a275]
C  [nvoglv32.DLL+0x84a181]
C  [nvoglv32.DLL+0x8493f3]
C  [nvoglv32.DLL+0x11019a]
C  [lwjgl.dll+0x9c03]
j  org.lwjgl.opengl.GL11.glDrawArrays(III)V+20
j  engine3d.util.GLBatch.draw()V+24
j  engine3d.Test.render(F)V+17
j  engine3d.Engine.start()V+127
j  engine3d.Test.<init>()V+183
j  engine3d.Test.main([Ljava/lang/String;)V+4
v  ~StubRoutines::call_stub
V  [jvm.dll+0x13f1fa]
V  [jvm.dll+0x202aee]
V  [jvm.dll+0x13f27d]
V  [jvm.dll+0x14b5ae]
V  [jvm.dll+0x14b7d5]
V  [jvm.dll+0xf1309]
C  [java.dll+0x7d6e]
j  sun.reflect.NativeMethodAccessorImpl.invoke(Ljava/lang/Object;[Ljava/lang/Object;)Ljava/lang/Object;+87
j  sun.reflect.DelegatingMethodAccessorImpl.invoke(Ljava/lang/Object;[Ljava/lang/Object;)Ljava/lang/Object;+6
j  java.lang.reflect.Method.invoke(Ljava/lang/Object;[Ljava/lang/Object;)Ljava/lang/Object;+57
j  com.intellij.rt.execution.application.AppMain.main([Ljava/lang/String;)V+140
v  ~StubRoutines::call_stub
V  [jvm.dll+0x13f1fa]
V  [jvm.dll+0x202aee]
V  [jvm.dll+0x13f27d]
V  [jvm.dll+0xc9945]
V  [jvm.dll+0xd45e7]
C  [java.exe+0x2063]
C  [java.exe+0xa591]
C  [java.exe+0xa61b]
C  [kernel32.dll+0x133aa]
C  [ntdll.dll+0x39f72]
C  [ntdll.dll+0x39f45]

Java frames: (J=compiled Java code, j=interpreted, Vv=VM code)
j  org.lwjgl.opengl.GL11.nglDrawArrays(IIIJ)V+0
j  org.lwjgl.opengl.GL11.glDrawArrays(III)V+20
j  engine3d.util.GLBatch.draw()V+24
j  engine3d.Test.render(F)V+17
j  engine3d.Engine.start()V+127
j  engine3d.Test.<init>()V+183
j  engine3d.Test.main([Ljava/lang/String;)V+4
v  ~StubRoutines::call_stub
j  sun.reflect.NativeMethodAccessorImpl.invoke0(Ljava/lang/reflect/Method;Ljava/lang/Object;[Ljava/lang/Object;)Ljava/lang/Object;+0
j  sun.reflect.NativeMethodAccessorImpl.invoke(Ljava/lang/Object;[Ljava/lang/Object;)Ljava/lang/Object;+87
j  sun.reflect.DelegatingMethodAccessorImpl.invoke(Ljava/lang/Object;[Ljava/lang/Object;)Ljava/lang/Object;+6
j  java.lang.reflect.Method.invoke(Ljava/lang/Object;[Ljava/lang/Object;)Ljava/lang/Object;+57
j  com.intellij.rt.execution.application.AppMain.main([Ljava/lang/String;)V+140
v  ~StubRoutines::call_stub

---------------  P R O C E S S  ---------------

Java Threads: ( => current thread )
  0x04b9c000 JavaThread "Monitor Ctrl-Break" daemon [_thread_in_native, id=6128, stack(0x049e0000,0x04a30000)]
  0x00e53000 JavaThread "Service Thread" daemon [_thread_blocked, id=3652, stack(0x04ad0000,0x04b20000)]
  0x00e4ec00 JavaThread "C1 CompilerThread0" daemon [_thread_blocked, id=2752, stack(0x04a30000,0x04a80000)]
  0x00e4d800 JavaThread "Attach Listener" daemon [_thread_blocked, id=3960, stack(0x04990000,0x049e0000)]
  0x00e4a400 JavaThread "Signal Dispatcher" daemon [_thread_blocked, id=6080, stack(0x04820000,0x04870000)]
  0x00ddd000 JavaThread "Finalizer" daemon [_thread_blocked, id=5972, stack(0x00800000,0x00850000)]
  0x00ddb800 JavaThread "Reference Handler" daemon [_thread_blocked, id=5572, stack(0x01080000,0x010d0000)]
=>0x0087c800 JavaThread "main" [_thread_in_native, id=3324, stack(0x00ef0000,0x00f40000)]

Other Threads:
  0x00dd9c00 VMThread [stack: 0x00ca0000,0x00cf0000] [id=3452]
  0x00e65800 WatcherThread [stack: 0x048d0000,0x04920000] [id=4784]

VM state:not at safepoint (normal execution)

VM Mutex/Monitor currently owned by a thread: None

Heap
 def new generation   total 4928K, used 4153K [0x24370000, 0x248c0000, 0x298c0000)
  eden space 4416K,  94% used [0x24370000, 0x2477e458, 0x247c0000)
  from space 512K,   0% used [0x247c0000, 0x247c0000, 0x24840000)
  to   space 512K,   0% used [0x24840000, 0x24840000, 0x248c0000)
 tenured generation   total 10944K, used 0K [0x298c0000, 0x2a370000, 0x34370000)
   the space 10944K,   0% used [0x298c0000, 0x298c0000, 0x298c0200, 0x2a370000)
 compacting perm gen  total 12288K, used 994K [0x34370000, 0x34f70000, 0x38370000)
   the space 12288K,   8% used [0x34370000, 0x34468a90, 0x34468c00, 0x34f70000)
    ro space 10240K,  44% used [0x38370000, 0x387e7808, 0x387e7a00, 0x38d70000)
    rw space 12288K,  52% used [0x38d70000, 0x393be610, 0x393be800, 0x39970000)

Card table byte_map: [0x00fc0000,0x01070000] byte_map_base: 0x00e9e480

Polling page: 0x00190000

Code Cache  [0x025e0000, 0x026a0000, 0x045e0000)
 total_blobs=329 nmethods=122 adapters=144 free_code_cache=32006Kb largest_free_block=32774208

Compilation events (10 events):
Event: 0.427 Thread 0x00e4ec00  118             java.util.HashMap::hash (55 bytes)
Event: 0.427 Thread 0x00e4ec00 nmethod 118 0x0269cb48 code [0x0269cc70, 0x0269ce38]
Event: 0.430 Thread 0x00e4ec00  119             java.util.HashMap::getEntry (86 bytes)
Event: 0.430 Thread 0x00e4ec00 nmethod 119 0x0269d008 code [0x0269d130, 0x0269d2b8]
Event: 0.479 Thread 0x00e4ec00  120             java.net.URL::getHost (5 bytes)
Event: 0.479 Thread 0x00e4ec00 nmethod 120 0x0269df88 code [0x0269e080, 0x0269e100]
Event: 0.481 Thread 0x00e4ec00  121             java.lang.StringBuilder::append (8 bytes)
Event: 0.481 Thread 0x00e4ec00 nmethod 121 0x0269e288 code [0x0269e380, 0x0269e41c]
Event: 0.481 Thread 0x00e4ec00  122             java.util.Arrays::copyOf (19 bytes)
Event: 0.481 Thread 0x00e4ec00 nmethod 122 0x0269e488 code [0x0269e590, 0x0269e6fc]

GC Heap History (0 events):
No events

Deoptimization events (0 events):
No events

Internal exceptions (10 events):
Event: 0.423 Thread 0x0087c800 Threw 0x2470ee40 at C:\re\jdk7u45\229\hotspot\src\share\vm\prims\jvm.cpp:1244
Event: 0.430 Thread 0x0087c800 Threw 0x2471b310 at C:\re\jdk7u45\229\hotspot\src\share\vm\prims\jvm.cpp:1244
Event: 0.470 Thread 0x0087c800 Threw 0x2471f800 at C:\re\jdk7u45\229\hotspot\src\share\vm\prims\jvm.cpp:1244
Event: 0.471 Thread 0x0087c800 Threw 0x24725ab8 at C:\re\jdk7u45\229\hotspot\src\share\vm\prims\jvm.cpp:1244
Event: 0.472 Thread 0x0087c800 Threw 0x24728438 at C:\re\jdk7u45\229\hotspot\src\share\vm\prims\jvm.cpp:1244
Event: 0.473 Thread 0x0087c800 Threw 0x2472a430 at C:\re\jdk7u45\229\hotspot\src\share\vm\prims\jvm.cpp:1244
Event: 0.478 Thread 0x0087c800 Threw 0x247516e8 at C:\re\jdk7u45\229\hotspot\src\share\vm\prims\jvm.cpp:1244
Event: 0.478 Thread 0x0087c800 Threw 0x24753e58 at C:\re\jdk7u45\229\hotspot\src\share\vm\prims\jvm.cpp:1244
Event: 0.479 Thread 0x0087c800 Threw 0x24757568 at C:\re\jdk7u45\229\hotspot\src\share\vm\prims\jvm.cpp:1244
Event: 0.481 Thread 0x0087c800 Threw 0x24762ff0 at C:\re\jdk7u45\229\hotspot\src\share\vm\prims\jvm.cpp:1244

Events (10 events):
Event: 0.477 loading class 0x399aa188
Event: 0.477 loading class 0x399aa188 done
Event: 0.478 loading class 0x04b9cc78
Event: 0.478 loading class 0x04b9cc78 done
Event: 0.478 loading class 0x04c15d28
Event: 0.478 loading class 0x04c15d28 done
Event: 0.479 loading class 0x0718ae30
Event: 0.479 loading class 0x0718ae30 done
Event: 0.481 loading class 0x04bea248
Event: 0.481 loading class 0x04bea248 done


Dynamic libraries:
0x011b0000 - 0x011df000 	C:\Program Files (x86)\Java\jdk1.7.0_45\bin\java.exe
0x77ce0000 - 0x77e60000 	C:\Windows\SysWOW64\ntdll.dll
0x77570000 - 0x77680000 	C:\Windows\syswow64\kernel32.dll
0x77230000 - 0x77277000 	C:\Windows\syswow64\KERNELBASE.dll
0x76c60000 - 0x76d00000 	C:\Windows\syswow64\ADVAPI32.dll
0x774b0000 - 0x7755c000 	C:\Windows\syswow64\msvcrt.dll
0x76eb0000 - 0x76ec9000 	C:\Windows\SysWOW64\sechost.dll
0x76ed0000 - 0x76fc0000 	C:\Windows\syswow64\RPCRT4.dll
0x75700000 - 0x75760000 	C:\Windows\syswow64\SspiCli.dll
0x756f0000 - 0x756fc000 	C:\Windows\syswow64\CRYPTBASE.dll
0x76ae0000 - 0x76be0000 	C:\Windows\syswow64\USER32.dll
0x77410000 - 0x774a0000 	C:\Windows\syswow64\GDI32.dll
0x771e0000 - 0x771ea000 	C:\Windows\syswow64\LPK.dll
0x75760000 - 0x757fd000 	C:\Windows\syswow64\USP10.dll
0x75140000 - 0x752de000 	C:\Windows\WinSxS\x86_microsoft.windows.common-controls_6595b64144ccf1df_6.0.7601.17514_none_41e6975e2bd6f2b2\COMCTL32.dll
0x773b0000 - 0x77407000 	C:\Windows\syswow64\SHLWAPI.dll
0x76bf0000 - 0x76c50000 	C:\Windows\system32\IMM32.DLL
0x75800000 - 0x758cc000 	C:\Windows\syswow64\MSCTF.dll
0x71240000 - 0x712ff000 	C:\Program Files (x86)\Java\jdk1.7.0_45\jre\bin\msvcr100.dll
0x70ec0000 - 0x71240000 	C:\Program Files (x86)\Java\jdk1.7.0_45\jre\bin\client\jvm.dll
0x75010000 - 0x75017000 	C:\Windows\system32\WSOCK32.dll
0x778a0000 - 0x778d5000 	C:\Windows\syswow64\WS2_32.dll
0x76c50000 - 0x76c56000 	C:\Windows\syswow64\NSI.dll
0x72860000 - 0x72892000 	C:\Windows\system32\WINMM.dll
0x76be0000 - 0x76be5000 	C:\Windows\syswow64\PSAPI.DLL
0x70eb0000 - 0x70ebc000 	C:\Program Files (x86)\Java\jdk1.7.0_45\jre\bin\verify.dll
0x70df0000 - 0x70e10000 	C:\Program Files (x86)\Java\jdk1.7.0_45\jre\bin\java.dll
0x70dd0000 - 0x70de3000 	C:\Program Files (x86)\Java\jdk1.7.0_45\jre\bin\zip.dll
0x10000000 - 0x10007000 	C:\Program Files (x86)\JetBrains\IntelliJ IDEA Community Edition 13.0\bin\breakgen.dll
0x70db0000 - 0x70dc4000 	C:\Program Files (x86)\Java\jdk1.7.0_45\jre\bin\net.dll
0x750c0000 - 0x750fc000 	C:\Windows\system32\mswsock.dll
0x750a0000 - 0x750a6000 	C:\Windows\System32\wship6.dll
0x00610000 - 0x0065d000 	C:\Users\Zeejfps\Programming\Java\GameDev\lib\native\windows\lwjgl.dll
0x6f640000 - 0x6f708000 	C:\Windows\system32\OPENGL32.dll
0x6f7b0000 - 0x6f7d2000 	C:\Windows\system32\GLU32.dll
0x72160000 - 0x72247000 	C:\Windows\system32\DDRAW.dll
0x72250000 - 0x72256000 	C:\Windows\system32\DCIMAN32.dll
0x76d10000 - 0x76ead000 	C:\Windows\syswow64\SETUPAPI.dll
0x76fc0000 - 0x76fe7000 	C:\Windows\syswow64\CFGMGR32.dll
0x77290000 - 0x7731f000 	C:\Windows\syswow64\OLEAUT32.dll
0x76ff0000 - 0x7714c000 	C:\Windows\syswow64\ole32.dll
0x77390000 - 0x773a2000 	C:\Windows\syswow64\DEVOBJ.dll
0x727d0000 - 0x727e3000 	C:\Windows\system32\dwmapi.dll
0x75620000 - 0x75629000 	C:\Windows\system32\VERSION.dll
0x72ac0000 - 0x72b40000 	C:\Windows\system32\uxtheme.dll
0x59df0000 - 0x5b3fb000 	C:\Windows\system32\nvoglv32.DLL
0x75990000 - 0x765da000 	C:\Windows\syswow64\SHELL32.dll
0x75960000 - 0x7598e000 	C:\Windows\syswow64\WINTRUST.dll
0x76710000 - 0x76830000 	C:\Windows\syswow64\CRYPT32.dll
0x77280000 - 0x7728c000 	C:\Windows\syswow64\MSASN1.dll
0x75590000 - 0x755b1000 	C:\Windows\system32\ntmarta.dll
0x76830000 - 0x76875000 	C:\Windows\syswow64\WLDAP32.dll
0x70d20000 - 0x70d99000 	C:\Windows\system32\mscms.dll
0x727f0000 - 0x72807000 	C:\Windows\system32\USERENV.dll
0x74fa0000 - 0x74fab000 	C:\Windows\system32\profapi.dll
0x6dcf0000 - 0x6dd28000 	C:\Windows\system32\icm32.dll
0x74450000 - 0x7453b000 	C:\Windows\system32\dbghelp.dll

VM Arguments:
jvm_args: -Djava.library.path=lib/native/windows -Didea.launcher.port=7546 -Didea.launcher.bin.path=C:\Program Files (x86)\JetBrains\IntelliJ IDEA Community Edition 13.0\bin -Dfile.encoding=UTF-8 
java_command: com.intellij.rt.execution.application.AppMain engine3d.Test
Launcher Type: SUN_STANDARD

Environment Variables:
PATH=C:\Program Files (x86)\NVIDIA Corporation\PhysX\Common;C:\Windows\system32;C:\Windows;C:\Windows\System32\Wbem;C:\Windows\System32\WindowsPowerShell\v1.0\;C:\Program Files (x86)\Common Files\Autodesk Shared\;C:\Program Files (x86)\Autodesk\backburner\
USERNAME=Zeejfps
OS=Windows_NT
PROCESSOR_IDENTIFIER=AMD64 Family 21 Model 2 Stepping 0, AuthenticAMD



---------------  S Y S T E M  ---------------

OS: Windows 7 , 64 bit Build 7601 Service Pack 1

CPU:total 6 (6 cores per cpu, 1 threads per core) family 21 model 2 stepping 0, cmov, cx8, fxsr, mmx, sse, sse2, sse3, ssse3, sse4.1, sse4.2, popcnt, avx, aes, mmxext, 3dnowpref, lzcnt, sse4a, tsc, tscinvbit, tscinv

Memory: 4k page, physical 8268812k(5438956k free), swap 16535760k(13241672k free)

vm_info: Java HotSpot(TM) Client VM (24.45-b08) for windows-x86 JRE (1.7.0_45-b18), built on Oct  8 2013 06:02:43 by "java_re" with unknown MS VC++:1600

time: Tue Dec 17 14:33:23 2013
elapsed time: 0 seconds

